<?xml version="1.0" encoding="UTF-8"?>
<!-- Generated by org.testng.reporters.JUnitXMLReporter -->
<testsuite hostname="DESKTOP-DSGFKSP" ignored="0" name="Run on Firefox" tests="3" failures="0" timestamp="07 thg 10 2022 15:22:59 GMT" time="20.168" errors="0">
  <testcase name="TC_01_Register" time="8.002" classname="com.nopcommerce.user.Level_05_Register_Login_Page_Factory"/>
  <testcase name="TC_02_Login" time="2.639" classname="com.nopcommerce.user.Level_05_Register_Login_Page_Factory"/>
  <testcase name="TC_03_Verify_Account" time="2.187" classname="com.nopcommerce.user.Level_05_Register_Login_Page_Factory"/>
</testsuite> <!-- Run on Firefox -->
